[    0.000000] Linux version 4.15.0-64-generic (buildd@lgw01-amd64-038) (gcc version 7.4.0 (Ubuntu 7.4.0-1ubuntu1~18.04.1)) #73-Ubuntu SMP Thu Sep 12 13:16:13 UTC 2019 (Ubuntu 4.15.0-64.73-generic 4.15.18)
[    0.000000] Command line: BOOT_IMAGE=/boot/vmlinuz-4.15.0-64-generic root=LABEL=cloudimg-rootfs ro console=tty1 console=ttyS0
[    0.000000] KERNEL supported cpus:
[    0.000000]   Intel GenuineIntel
[    0.000000]   AMD AuthenticAMD
[    0.000000]   Centaur CentaurHauls
[    0.000000] x86/fpu: Supporting XSAVE feature 0x001: 'x87 floating point registers'
[    0.000000] x86/fpu: Supporting XSAVE feature 0x002: 'SSE registers'
[    0.000000] x86/fpu: Supporting XSAVE feature 0x004: 'AVX registers'
[    0.000000] x86/fpu: xstate_offset[2]:  576, xstate_sizes[2]:  256
[    0.000000] x86/fpu: Enabled xstate features 0x7, context size is 832 bytes, using 'standard' format.
[    0.000000] e820: BIOS-provided physical RAM map:
[    0.000000] BIOS-e820: [mem 0x0000000000000000-0x000000000009fbff] usable
[    0.000000] BIOS-e820: [mem 0x000000000009fc00-0x000000000009ffff] reserved
[    0.000000] BIOS-e820: [mem 0x00000000000f0000-0x00000000000fffff] reserved
[    0.000000] BIOS-e820: [mem 0x0000000000100000-0x00000000dffeffff] usable
[    0.000000] BIOS-e820: [mem 0x00000000dfff0000-0x00000000dfffffff] ACPI data
[    0.000000] BIOS-e820: [mem 0x00000000fec00000-0x00000000fec00fff] reserved
[    0.000000] BIOS-e820: [mem 0x00000000fee00000-0x00000000fee00fff] reserved
[    0.000000] BIOS-e820: [mem 0x00000000fffc0000-0x00000000ffffffff] reserved
[    0.000000] BIOS-e820: [mem 0x0000000100000000-0x000000011fffffff] usable
[    0.000000] NX (Execute Disable) protection: active
[    0.000000] SMBIOS 2.5 present.
[    0.000000] DMI: innotek GmbH VirtualBox/VirtualBox, BIOS VirtualBox 12/01/2006
[    0.000000] Hypervisor detected: KVM
[    0.000000] e820: last_pfn = 0x120000 max_arch_pfn = 0x400000000
[    0.000000] MTRR: Disabled
[    0.000000] x86/PAT: MTRRs disabled, skipping PAT initialization too.
[    0.000000] CPU MTRRs all blank - virtualized system.
[    0.000000] x86/PAT: Configuration [0-7]: WB  WT  UC- UC  WB  WT  UC- UC  
[    0.000000] e820: last_pfn = 0xdfff0 max_arch_pfn = 0x400000000
[    0.000000] found SMP MP-table at [mem 0x0009fff0-0x0009ffff]
[    0.000000] Scanning 1 areas for low memory corruption
[    0.000000] RAMDISK: [mem 0x35a89000-0x36d3bfff]
[    0.000000] ACPI: Early table checksum verification disabled
[    0.000000] ACPI: RSDP 0x00000000000E0000 000024 (v02 VBOX  )
[    0.000000] ACPI: XSDT 0x00000000DFFF0030 00003C (v01 VBOX   VBOXXSDT 00000001 ASL  00000061)
[    0.000000] ACPI: FACP 0x00000000DFFF00F0 0000F4 (v04 VBOX   VBOXFACP 00000001 ASL  00000061)
[    0.000000] ACPI: DSDT 0x00000000DFFF0470 0022EA (v02 VBOX   VBOXBIOS 00000002 INTL 20100528)
[    0.000000] ACPI: FACS 0x00000000DFFF0200 000040
[    0.000000] ACPI: FACS 0x00000000DFFF0200 000040
[    0.000000] ACPI: APIC 0x00000000DFFF0240 00005C (v02 VBOX   VBOXAPIC 00000001 ASL  00000061)
[    0.000000] ACPI: SSDT 0x00000000DFFF02A0 0001CC (v01 VBOX   VBOXCPUT 00000002 INTL 20100528)
[    0.000000] No NUMA configuration found
[    0.000000] Faking a node at [mem 0x0000000000000000-0x000000011fffffff]
[    0.000000] NODE_DATA(0) allocated [mem 0x11ffd1000-0x11fffbfff]
[    0.000000] kvm-clock: cpu 0, msr 1:1ff50001, primary cpu clock
[    0.000000] kvm-clock: Using msrs 4b564d01 and 4b564d00
[    0.000000] kvm-clock: using sched offset of 3877696674 cycles
[    0.000000] clocksource: kvm-clock: mask: 0xffffffffffffffff max_cycles: 0x1cd42e4dffb, max_idle_ns: 881590591483 ns
[    0.000000] Zone ranges:
[    0.000000]   DMA      [mem 0x0000000000001000-0x0000000000ffffff]
[    0.000000]   DMA32    [mem 0x0000000001000000-0x00000000ffffffff]
[    0.000000]   Normal   [mem 0x0000000100000000-0x000000011fffffff]
[    0.000000]   Device   empty
[    0.000000] Movable zone start for each node
[    0.000000] Early memory node ranges
[    0.000000]   node   0: [mem 0x0000000000001000-0x000000000009efff]
[    0.000000]   node   0: [mem 0x0000000000100000-0x00000000dffeffff]
[    0.000000]   node   0: [mem 0x0000000100000000-0x000000011fffffff]
[    0.000000] Reserved but unavailable: 98 pages
[    0.000000] Initmem setup node 0 [mem 0x0000000000001000-0x000000011fffffff]
[    0.000000] ACPI: PM-Timer IO Port: 0x4008
[    0.000000] IOAPIC[0]: apic_id 2, version 32, address 0xfec00000, GSI 0-23
[    0.000000] ACPI: INT_SRC_OVR (bus 0 bus_irq 0 global_irq 2 dfl dfl)
[    0.000000] ACPI: INT_SRC_OVR (bus 0 bus_irq 9 global_irq 9 low level)
[    0.000000] Using ACPI (MADT) for SMP configuration information
[    0.000000] smpboot: Allowing 2 CPUs, 0 hotplug CPUs
[    0.000000] PM: Registered nosave memory: [mem 0x00000000-0x00000fff]
[    0.000000] PM: Registered nosave memory: [mem 0x0009f000-0x0009ffff]
[    0.000000] PM: Registered nosave memory: [mem 0x000a0000-0x000effff]
[    0.000000] PM: Registered nosave memory: [mem 0x000f0000-0x000fffff]
[    0.000000] PM: Registered nosave memory: [mem 0xdfff0000-0xdfffffff]
[    0.000000] PM: Registered nosave memory: [mem 0xe0000000-0xfebfffff]
[    0.000000] PM: Registered nosave memory: [mem 0xfec00000-0xfec00fff]
[    0.000000] PM: Registered nosave memory: [mem 0xfec01000-0xfedfffff]
[    0.000000] PM: Registered nosave memory: [mem 0xfee00000-0xfee00fff]
[    0.000000] PM: Registered nosave memory: [mem 0xfee01000-0xfffbffff]
[    0.000000] PM: Registered nosave memory: [mem 0xfffc0000-0xffffffff]
[    0.000000] e820: [mem 0xe0000000-0xfebfffff] available for PCI devices
[    0.000000] Booting paravirtualized kernel on KVM
[    0.000000] clocksource: refined-jiffies: mask: 0xffffffff max_cycles: 0xffffffff, max_idle_ns: 7645519600211568 ns
[    0.000000] random: get_random_bytes called from start_kernel+0x99/0x4fd with crng_init=0
[    0.000000] setup_percpu: NR_CPUS:8192 nr_cpumask_bits:2 nr_cpu_ids:2 nr_node_ids:1
[    0.000000] percpu: Embedded 46 pages/cpu s151552 r8192 d28672 u1048576
[    0.000000] PV qspinlock hash table entries: 256 (order: 0, 4096 bytes)
[    0.000000] Built 1 zonelists, mobility grouping on.  Total pages: 1032057
[    0.000000] Policy zone: Normal
[    0.000000] Kernel command line: BOOT_IMAGE=/boot/vmlinuz-4.15.0-64-generic root=LABEL=cloudimg-rootfs ro console=tty1 console=ttyS0
[    0.000000] Memory: 4014044K/4193848K available (12300K kernel code, 2481K rwdata, 4172K rodata, 2436K init, 2384K bss, 179804K reserved, 0K cma-reserved)
[    0.000000] SLUB: HWalign=64, Order=0-3, MinObjects=0, CPUs=2, Nodes=1
[    0.000000] Kernel/User page tables isolation: enabled
[    0.000000] ftrace: allocating 39306 entries in 154 pages
[    0.004000] Hierarchical RCU implementation.
[    0.004000] 	RCU restricting CPUs from NR_CPUS=8192 to nr_cpu_ids=2.
[    0.004000] 	Tasks RCU enabled.
[    0.004000] RCU: Adjusting geometry for rcu_fanout_leaf=16, nr_cpu_ids=2
[    0.004000] NR_IRQS: 524544, nr_irqs: 440, preallocated irqs: 16
[    0.004000] Console: colour VGA+ 80x25
[    0.004000] console [tty1] enabled
[    0.004000] console [ttyS0] enabled
[    0.004000] ACPI: Core revision 20170831
[    0.004000] ACPI: 2 ACPI AML tables successfully acquired and loaded
[    0.004000] APIC: Switch to symmetric I/O mode setup
[    0.004000] x2apic enabled
[    0.004000] Switched APIC routing to physical x2apic.
[    0.004000] ..TIMER: vector=0x30 apic1=0 pin1=2 apic2=-1 pin2=-1
[    0.004003] tsc: Detected 3600.000 MHz processor
[    0.004953] Calibrating delay loop (skipped) preset value.. 7200.00 BogoMIPS (lpj=14400000)
[    0.005315] pid_max: default: 32768 minimum: 301
[    0.008028] Security Framework initialized
[    0.008777] Yama: becoming mindful.
[    0.009392] AppArmor: AppArmor initialized
[    0.012088] Dentry cache hash table entries: 524288 (order: 10, 4194304 bytes)
[    0.016103] Inode-cache hash table entries: 262144 (order: 9, 2097152 bytes)
[    0.017337] Mount-cache hash table entries: 8192 (order: 4, 65536 bytes)
[    0.018344] Mountpoint-cache hash table entries: 8192 (order: 4, 65536 bytes)
[    0.020218] Last level iTLB entries: 4KB 64, 2MB 8, 4MB 8
[    0.021160] Last level dTLB entries: 4KB 64, 2MB 0, 4MB 0, 1GB 4
[    0.022157] Spectre V1 : Mitigation: usercopy/swapgs barriers and __user pointer sanitization
[    0.024002] Spectre V2 : Mitigation: Full generic retpoline
[    0.024875] Spectre V2 : Spectre v2 / SpectreRSB mitigation: Filling RSB on context switch
[    0.026209] Speculative Store Bypass: Vulnerable
[    0.027005] MDS: Vulnerable: Clear CPU buffers attempted, no microcode
[    0.028175] Freeing SMP alternatives memory: 36K
[    0.036000] APIC calibration not consistent with PM-Timer: 98ms instead of 100ms
[    0.036000] APIC delta adjusted to PM-Timer: 6247085 (6163297)
[    0.036000] smpboot: CPU0: Intel(R) Core(TM) i7-7700 CPU @ 3.60GHz (family: 0x6, model: 0x9e, stepping: 0x9)
[    0.036000] Performance Events: unsupported p6 CPU model 158 no PMU driver, software events only.
[    0.036000] Hierarchical SRCU implementation.
[    0.036480] NMI watchdog: Perf event create on CPU 0 failed with -2
[    0.037796] NMI watchdog: Perf NMI watchdog permanently disabled
[    0.038987] smp: Bringing up secondary CPUs ...
[    0.040992] x86: Booting SMP configuration:
[    0.041715] .... node  #0, CPUs:      #1
[    0.004000] kvm-clock: cpu 1, msr 1:1ff50041, secondary cpu clock
[    0.044017] smp: Brought up 1 node, 2 CPUs
[    0.044867] smpboot: Max logical packages: 1
[    0.045758] smpboot: Total of 2 processors activated (14400.00 BogoMIPS)
[    0.048144] devtmpfs: initialized
[    0.048820] x86/mm: Memory block size: 128MB
[    0.050051] evm: security.selinux
[    0.050689] evm: security.SMACK64
[    0.052003] evm: security.SMACK64EXEC
[    0.052728] evm: security.SMACK64TRANSMUTE
[    0.053657] evm: security.SMACK64MMAP
[    0.054360] evm: security.apparmor
[    0.055233] evm: security.ima
[    0.056028] evm: security.capability
[    0.056805] clocksource: jiffies: mask: 0xffffffff max_cycles: 0xffffffff, max_idle_ns: 7645041785100000 ns
[    0.057733] futex hash table entries: 512 (order: 3, 32768 bytes)
[    0.060052] pinctrl core: initialized pinctrl subsystem
[    0.061115] RTC time: 15:20:10, date: 10/03/19
[    0.062200] NET: Registered protocol family 16
[    0.063255] audit: initializing netlink subsys (disabled)
[    0.064032] audit: type=2000 audit(1570116015.297:1): state=initialized audit_enabled=0 res=1
[    0.064137] cpuidle: using governor ladder
[    0.064897] cpuidle: using governor menu
[    0.065693] ACPI: bus type PCI registered
[    0.068007] acpiphp: ACPI Hot Plug PCI Controller Driver version: 0.5
[    0.069224] PCI: Using configuration type 1 for base access
[    0.072067] HugeTLB registered 2.00 MiB page size, pre-allocated 0 pages
[    0.072077] ACPI: Added _OSI(Module Device)
[    0.072909] ACPI: Added _OSI(Processor Device)
[    0.076002] ACPI: Added _OSI(3.0 _SCP Extensions)
[    0.076002] ACPI: Added _OSI(Processor Aggregator Device)
[    0.076926] ACPI: Added _OSI(Linux-Dell-Video)
[    0.077848] ACPI: Added _OSI(Linux-Lenovo-NV-HDMI-Audio)
[    0.080009] ACPI: Added _OSI(Linux-HPI-Hybrid-Graphics)
[    0.080294] ACPI: Executed 1 blocks of module-level executable AML code
[    0.085124] ACPI: Interpreter enabled
[    0.085963] ACPI: (supports S0 S5)
[    0.086577] ACPI: Using IOAPIC for interrupt routing
[    0.088000] PCI: Using host bridge windows from ACPI; if necessary, use "pci=nocrs" and report a bug
[    0.088183] ACPI: Enabled 2 GPEs in block 00 to 07
[    0.097854] ACPI: PCI Root Bridge [PCI0] (domain 0000 [bus 00-ff])
[    0.098867] acpi PNP0A03:00: _OSC: OS supports [ASPM ClockPM Segments MSI]
[    0.100583] acpi PNP0A03:00: _OSC: not requesting OS control; OS requires [ExtendedConfig ASPM ClockPM MSI]
[    0.103349] acpi PNP0A03:00: fail to add MMCONFIG information, can't access extended PCI configuration space under this bridge.
[    0.104477] PCI host bridge to bus 0000:00
[    0.105253] pci_bus 0000:00: root bus resource [io  0x0000-0x0cf7 window]
[    0.108003] pci_bus 0000:00: root bus resource [io  0x0d00-0xffff window]
[    0.109130] pci_bus 0000:00: root bus resource [mem 0x000a0000-0x000bffff window]
[    0.110429] pci_bus 0000:00: root bus resource [mem 0xe0000000-0xfdffffff window]
[    0.111790] pci_bus 0000:00: root bus resource [bus 00-ff]
[    0.116192] pci 0000:00:01.1: legacy IDE quirk: reg 0x10: [io  0x01f0-0x01f7]
[    0.117331] pci 0000:00:01.1: legacy IDE quirk: reg 0x14: [io  0x03f6]
[    0.118454] pci 0000:00:01.1: legacy IDE quirk: reg 0x18: [io  0x0170-0x0177]
[    0.119665] pci 0000:00:01.1: legacy IDE quirk: reg 0x1c: [io  0x0376]
[    0.165062] pci 0000:00:07.0: quirk: [io  0x4000-0x403f] claimed by PIIX4 ACPI
[    0.166310] pci 0000:00:07.0: quirk: [io  0x4100-0x410f] claimed by PIIX4 SMB
[    0.193517] ACPI: PCI Interrupt Link [LNKA] (IRQs 5 9 10 *11)
[    0.195302] ACPI: PCI Interrupt Link [LNKB] (IRQs 5 9 *10 11)
[    0.196137] ACPI: PCI Interrupt Link [LNKC] (IRQs 5 *9 10 11)
[    0.197278] ACPI: PCI Interrupt Link [LNKD] (IRQs 5 9 10 *11)
[    0.198575] SCSI subsystem initialized
[    0.200078] pci 0000:00:02.0: vgaarb: setting as boot VGA device
[    0.201019] pci 0000:00:02.0: vgaarb: VGA device added: decodes=io+mem,owns=io+mem,locks=none
[    0.201019] pci 0000:00:02.0: vgaarb: bridge control possible
[    0.201019] vgaarb: loaded
[    0.201478] ACPI: bus type USB registered
[    0.204031] usbcore: registered new interface driver usbfs
[    0.205259] usbcore: registered new interface driver hub
[    0.208004] usbcore: registered new device driver usb
[    0.208031] EDAC MC: Ver: 3.0.0
[    0.209047] PCI: Using ACPI for IRQ routing
[    0.212002] NetLabel: Initializing
[    0.212004] NetLabel:  domain hash size = 128
[    0.212004] NetLabel:  protocols = UNLABELED CIPSOv4 CALIPSO
[    0.212020] NetLabel:  unlabeled traffic allowed by default
[    0.216107] clocksource: Switched to clocksource kvm-clock
[    0.229040] VFS: Disk quotas dquot_6.6.0
[    0.229787] VFS: Dquot-cache hash table entries: 512 (order 0, 4096 bytes)
[    0.230950] AppArmor: AppArmor Filesystem Enabled
[    0.231751] pnp: PnP ACPI init
[    0.233275] pnp: PnP ACPI: found 3 devices
[    0.239402] clocksource: acpi_pm: mask: 0xffffff max_cycles: 0xffffff, max_idle_ns: 2085701024 ns
[    0.241060] NET: Registered protocol family 2
[    0.242000] TCP established hash table entries: 32768 (order: 6, 262144 bytes)
[    0.243299] TCP bind hash table entries: 32768 (order: 7, 524288 bytes)
[    0.244385] TCP: Hash tables configured (established 32768 bind 32768)
[    0.245491] UDP hash table entries: 2048 (order: 4, 65536 bytes)
[    0.246557] UDP-Lite hash table entries: 2048 (order: 4, 65536 bytes)
[    0.247615] NET: Registered protocol family 1
[    0.248404] pci 0000:00:00.0: Limiting direct PCI/PCI transfers
[    0.249359] pci 0000:00:01.0: Activating ISA DMA hang workarounds
[    0.250334] pci 0000:00:02.0: Video device with shadowed ROM at [mem 0x000c0000-0x000dffff]
[    0.251692] Unpacking initramfs...
[    0.480197] Freeing initrd memory: 19148K
[    0.481298] PCI-DMA: Using software bounce buffering for IO (SWIOTLB)
[    0.482605] software IO TLB: mapped [mem 0xdbff0000-0xdfff0000] (64MB)
[    0.483770] clocksource: tsc: mask: 0xffffffffffffffff max_cycles: 0x33e452fbb2f, max_idle_ns: 440795236593 ns
[    0.485400] platform rtc_cmos: registered platform RTC device (no PNP device found)
[    0.486700] Scanning for low memory corruption every 60 seconds
[    0.488164] Initialise system trusted keyrings
[    0.489433] Key type blacklist registered
[    0.490236] workingset: timestamp_bits=36 max_order=20 bucket_order=0
[    0.493536] zbud: loaded
[    0.494579] squashfs: version 4.0 (2009/01/31) Phillip Lougher
[    0.495739] fuse init (API version 7.26)
[    0.500649] Key type asymmetric registered
[    0.501432] Asymmetric key parser 'x509' registered
[    0.502253] Block layer SCSI generic (bsg) driver version 0.4 loaded (major 246)
[    0.503657] io scheduler noop registered
[    0.504390] io scheduler deadline registered
[    0.505393] io scheduler cfq registered (default)
[    0.506741] ACPI: AC Adapter [AC] (on-line)
[    0.507651] input: Power Button as /devices/LNXSYSTM:00/LNXPWRBN:00/input/input0
[    0.509092] ACPI: Power Button [PWRF]
[    0.509785] input: Sleep Button as /devices/LNXSYSTM:00/LNXSLPBN:00/input/input1
[    0.511094] ACPI: Sleep Button [SLPF]
[    0.512004] Serial: 8250/16550 driver, 32 ports, IRQ sharing enabled
[    0.533704] 00:02: ttyS0 at I/O 0x3f8 (irq = 4, base_baud = 115200) is a 16550A
[    0.536353] Linux agpgart interface v0.103
[    0.539757] loop: module loaded
[    0.541013] scsi host0: ata_piix
[    0.541947] scsi host1: ata_piix
[    0.542641] ata1: PATA max UDMA/33 cmd 0x1f0 ctl 0x3f6 bmdma 0xd000 irq 14
[    0.543831] ata2: PATA max UDMA/33 cmd 0x170 ctl 0x376 bmdma 0xd008 irq 15
[    0.545606] libphy: Fixed MDIO Bus: probed
[    0.546336] tun: Universal TUN/TAP device driver, 1.6
[    0.547377] PPP generic driver version 2.4.2
[    0.548104] ehci_hcd: USB 2.0 'Enhanced' Host Controller (EHCI) Driver
[    0.549110] ehci-pci: EHCI PCI platform driver
[    0.549839] ehci-platform: EHCI generic platform driver
[    0.550821] ohci_hcd: USB 1.1 'Open' Host Controller (OHCI) Driver
[    0.551755] ohci-pci: OHCI PCI platform driver
[    0.552597] ohci-platform: OHCI generic platform driver
[    0.553520] uhci_hcd: USB Universal Host Controller Interface driver
[    0.554587] i8042: PNP: PS/2 Controller [PNP0303:PS2K,PNP0f03:PS2M] at 0x60,0x64 irq 1,12
[    0.556882] serio: i8042 KBD port at 0x60,0x64 irq 1
[    0.557767] serio: i8042 AUX port at 0x60,0x64 irq 12
[    0.558731] mousedev: PS/2 mouse device common for all mice
[    0.560297] input: AT Translated Set 2 keyboard as /devices/platform/i8042/serio0/input/input2
[    0.562301] rtc_cmos rtc_cmos: rtc core: registered rtc_cmos as rtc0
[    0.563437] rtc_cmos rtc_cmos: alarms up to one day, 114 bytes nvram
[    0.564465] i2c /dev entries driver
[    0.565112] device-mapper: uevent: version 1.0.3
[    0.565938] device-mapper: ioctl: 4.37.0-ioctl (2017-09-20) initialised: dm-devel@redhat.com
[    0.567454] ledtrig-cpu: registered to indicate activity on CPUs
[    0.569060] NET: Registered protocol family 10
[    0.576335] Segment Routing with IPv6
[    0.577079] NET: Registered protocol family 17
[    0.577914] Key type dns_resolver registered
[    0.578835] mce: Using 0 MCE banks
[    0.579476] RAS: Correctable Errors collector initialized.
[    0.580473] sched_clock: Marking stable (580462034, 0)->(917908426, -337446392)
[    0.582267] registered taskstats version 1
[    0.583015] Loading compiled-in X.509 certificates
[    0.585676] Loaded X.509 cert 'Build time autogenerated kernel key: 9ff85db0b1f72c0c954e4d2eaca5a9366845820b'
[    0.587228] zswap: loaded using pool lzo/zbud
[    0.591020] Key type big_key registered
[    0.591730] Key type trusted registered
[    0.594052] Key type encrypted registered
[    0.594728] AppArmor: AppArmor sha1 policy hashing enabled
[    0.595988] ima: No TPM chip found, activating TPM-bypass! (rc=-19)
[    0.597056] ima: Allocated hash algorithm: sha1
[    0.597833] evm: HMAC attrs: 0x1
[    0.598645]   Magic number: 7:112:335
[    0.599330] tty tty56: hash matches
[    0.600096] rtc_cmos rtc_cmos: setting system clock to 2019-10-03 15:20:10 UTC (1570116010)
[    0.601577] BIOS EDD facility v0.16 2004-Jun-25, 0 devices found
[    0.602595] EDD information not available.
[    0.709010] Freeing unused kernel image memory: 2436K
[    0.720539] Write protecting the kernel read-only data: 20480k
[    0.723798] Freeing unused kernel image memory: 2008K
[    0.726284] Freeing unused kernel image memory: 1972K
[    0.741363] x86/mm: Checked W+X mappings: passed, no W+X pages found.
[    0.742805] x86/mm: Checking user space page tables
[    0.752442] x86/mm: Checked W+X mappings: passed, no W+X pages found.
Loading, please wait...
starting version 237
[    0.839692] e1000: Intel(R) PRO/1000 Network Driver - version 7.3.21-k8-NAPI
[    0.840943] e1000: Copyright (c) 1999-2006 Intel Corporation.
[    0.844610] Fusion MPT base driver 3.04.20
[    0.845311] Copyright (c) 1999-2008 LSI Corporation
[    0.849312] Fusion MPT SPI Host driver 3.04.20
[    0.866101] AVX2 version of gcm_enc/dec engaged.
[    0.867391] AES CTR mode by8 optimization enabled
[    1.080892] input: ImExPS/2 Generic Explorer Mouse as /devices/platform/i8042/serio1/input/input4
[    1.244686] e1000 0000:00:03.0 eth0: (PCI:33MHz:32-bit) 02:50:d4:3b:43:74
[    1.245809] e1000 0000:00:03.0 eth0: Intel(R) PRO/1000 Network Connection
[    1.248182] mptbase: ioc0: Initiating bringup
[    1.568090] ioc0: LSI53C1030 A0: Capabilities={Initiator}
[    2.899578] scsi host2: ioc0: LSI53C1030 A0, FwRev=00000000h, Ports=1, MaxQ=256, IRQ=20
[    3.537186] scsi 2:0:0:0: Direct-Access     VBOX     HARDDISK         1.0  PQ: 0 ANSI: 5
[    3.764000] scsi target2:0:0: Beginning Domain Validation
[    3.822121] scsi target2:0:0: Domain Validation skipping write tests
[    3.823639] scsi target2:0:0: Ending Domain Validation
[    3.829425] scsi target2:0:0: asynchronous
[    3.840129] scsi 2:0:1:0: Direct-Access     VBOX     HARDDISK         1.0  PQ: 0 ANSI: 5
[    4.044097] scsi target2:0:1: Beginning Domain Validation
[    4.046258] random: fast init done
[    4.047024] scsi target2:0:1: Domain Validation skipping write tests
[    4.048616] scsi target2:0:1: Ending Domain Validation
[    4.049931] scsi target2:0:1: asynchronous
[    4.055863] sd 2:0:0:0: Attached scsi generic sg0 type 0
[    4.056068] random: systemd-udevd: uninitialized urandom read (16 bytes read)
[    4.057149] sd 2:0:1:0: Attached scsi generic sg1 type 0
[    4.058382] sd 2:0:0:0: [sda] 20971520 512-byte logical blocks: (10.7 GB/10.0 GiB)
[    4.064615] sd 2:0:0:0: [sda] Write Protect is off
[    4.065442] random: systemd-udevd: uninitialized urandom read (16 bytes read)
[    4.066727] sd 2:0:1:0: [sdb] 20480 512-byte logical blocks: (10.5 MB/10.0 MiB)
[    4.066730] random: systemd-udevd: uninitialized urandom read (16 bytes read)
[    4.069358] sd 2:0:0:0: [sda] Incomplete mode parameter data
[    4.070555] sd 2:0:0:0: [sda] Assuming drive cache: write through
[    4.073635] sd 2:0:1:0: [sdb] Write Protect is off
[    4.074922] sd 2:0:1:0: [sdb] Incomplete mode parameter data
[    4.076370] sd 2:0:1:0: [sdb] Assuming drive cache: write through
[    4.086242]  sda: sda1
[    4.087712] sd 2:0:0:0: [sda] Attached SCSI disk
[    4.118649] sd 2:0:1:0: [sdb] Attached SCSI disk
[    4.169426] e1000 0000:00:08.0 eth1: (PCI:33MHz:32-bit) 08:00:27:86:a0:b6
[    4.170476] e1000 0000:00:08.0 eth1: Intel(R) PRO/1000 Network Connection
[    4.172516] e1000 0000:00:03.0 enp0s3: renamed from eth0
[    4.184773] e1000 0000:00:08.0 enp0s8: renamed from eth1
Begin: Loading essential drivers ... [    5.697012] raid6: sse2x1   gen() 13287 MB/s
[    5.744834] raid6: sse2x1   xor()  9140 MB/s
[    5.792690] raid6: sse2x2   gen() 16072 MB/s
[    5.840466] raid6: sse2x2   xor() 10824 MB/s
[    5.888335] raid6: sse2x4   gen() 19423 MB/s
[    5.936115] raid6: sse2x4   xor() 11296 MB/s
[    5.984028] raid6: avx2x1   gen() 27379 MB/s
[    6.032741] raid6: avx2x1   xor() 14550 MB/s
[    6.080584] raid6: avx2x2   gen() 31938 MB/s
[    6.128390] raid6: avx2x2   xor() 19471 MB/s
[    6.176251] raid6: avx2x4   gen() 32086 MB/s
[    6.224042] raid6: avx2x4   xor() 21917 MB/s
[    6.224834] raid6: using algorithm avx2x4 gen() 32086 MB/s
[    6.225781] raid6: .... xor() 21917 MB/s, rmw enabled
[    6.226595] raid6: using avx2x2 recovery algorithm
[    6.228493] xor: automatically using best checksumming function   avx       
[    6.230398] async_tx: api initialized (async)
done.
Begin: Running /scripts/init-premount ... done.
Begin: Mounting root file system ... Begin: Running /scripts/local-top ... done.
Begin: Running /scripts/local-premount ... [    6.268515] Btrfs loaded, crc32c=crc32c-intel
Scanning for Btrfs filesystems
done.
Warning: fsck not present, so skipping root file system
[    6.299856] EXT4-fs (sda1): mounted filesystem with ordered data mode. Opts: (null)
done.
Begin: Running /scripts/local-bottom ... done.
Begin: Running /scripts/init-bottom ... done.
[    7.584016] ip_tables: (C) 2000-2006 Netfilter Core Team
[    7.724497] systemd[1]: systemd 237 running in system mode. (+PAM +AUDIT +SELINUX +IMA +APPARMOR +SMACK +SYSVINIT +UTMP +LIBCRYPTSETUP +GCRYPT +GNUTLS +ACL +XZ +LZ4 +SECCOMP +BLKID +ELFUTILS +KMOD -IDN2 +IDN -PCRE2 default-hierarchy=hybrid)
[    7.727819] systemd[1]: Detected virtualization oracle.
[    7.728696] systemd[1]: Detected architecture x86-64.

Welcome to [1mUbuntu 18.04.3 LTS[0m!

[    7.779069] systemd[1]: Set hostname to <ubuntu>.
[    7.925231] systemd[1]: Initializing machine ID from random generator.
[    7.932867] systemd[1]: Installed transient /etc/machine-id file.
[    8.371330] random: crng init done
[    8.374658] random: 7 urandom warning(s) missed due to ratelimiting
[    9.738095] systemd[1]: Created slice System Slice.
[[0;32m  OK  [0m] Created slice System Slice.
[    9.741273] systemd[1]: Listening on Journal Socket.
[[0;32m  OK  [0m] Listening on Journal Socket.
[    9.745125] systemd[1]: Starting Set the console keyboard layout...
         Starting Set the console keyboard layout...
[    9.757361] systemd[1]: Created slice system-serial\x2dgetty.slice.
[[0;32m  OK  [0m] Created slice system-serial\x2dgetty.slice.
[[0;32m  OK  [0m] Listening on Network Service Netlink Socket.
[[0;32m  OK  [0m] Listening on Device-mapper event daemon FIFOs.
[[0;32m  OK  [0m] Listening on /dev/initctl Compatibility Named Pipe.
[[0;32m  OK  [0m] Listening on LVM2 poll daemon socket.
[[0;32m  OK  [0m] Listening on Syslog Socket.
[[0;32m  OK  [0m] Listening on LVM2 metadata daemon socket.
         Starting Monitoring of LVM2 mirrors…ng dmeventd or progress polling...
         Starting Remount Root and Kernel File Systems...
[[0;32m  OK  [0m] Listening on Journal Audit Socket.
[[0;32m  OK  [0m] Reached target Swap.
         Starting Load Kernel Modules...
[[0;32m  OK  [0m] Reached target User and Group Name Lookups.
[[0;32m  OK  [0m] Started Forward Password Requests to Wall Directory Watch.
         Mounting Kernel Debug File System...
[[0;32m  OK  [0m] Listening on udev Kernel Socket.
         Starting Create list of required st…ce nodes for the current kernel...
[[0;32m  OK  [0m] Created slice User and Session Slice.
[[0;32m  OK  [0m] Reached target Slices.
         Mounting Huge Pages File System...
[[0;32m  OK  [0m] Set up automount Arbitrary Executab…rmats File System Automount Point.
[[0;32m  OK  [0m] Listening on udev Control Socket.
         Starting udev Coldplug all Devices...
         Mounting POSIX Message Queue File System...
[[0;32m  OK  [0m] Listening on Journal Socket (/dev/log).
         Starting Journal Service...
         Starting Uncomplicated firewall...
[    9.982817] EXT4-fs (sda1): re-mounted. Opts: (null)
[[0;32m  OK  [0m] Reached target System Time Synchronized.
[[0;32m  OK  [0m] Started Set the console keyboard layout.
[[0;32m  OK  [0m] Started Remount Root and Kernel File Systems.
[[0;32m  OK  [0m] Mounted Kernel Debug File System.
[[0;32m  OK  [0m] Started Create list of required sta…vice nodes for the current kernel.
[[0;32m  OK  [0m] Mounted Huge Pages File System.
[[0;32m  OK  [0m] Mounted POSIX Message Queue File System.
[[0;32m  OK  [0m] Started Uncomplicated firewall.
         Starting Create Static Device Nodes in /dev...
         Starting Load/Save Random Seed...
[   10.280778] Loading iSCSI transport class v2.0-870.
[[0;32m  OK  [0m] Started Journal Service.
[[0;32m  OK  [0m] Started udev Coldplug all Devices.
[[0;32m  OK  [0m] Started LVM2 metadata daemon.
         Starting Flush Journal to Persistent Storage...
[[0;32m  OK  [0m] Started Create Static Device Nodes in /dev.
[[0;32m  OK  [0m] Started Load/Save Random Seed.
         Starting udev Kernel Device Manager...
[   10.601286] systemd-journald[394]: Received request to flush runtime journal from PID 1
[   10.616678] iscsi: registered transport (tcp)
[   10.878863] iscsi: registered transport (iser)
[[0;32m  OK  [0m] Started Load Kernel Modules.
         Mounting FUSE Control File System...
         Mounting Kernel Configuration File System...
         Starting Apply Kernel Variables...
[[0;32m  OK  [0m] Mounted FUSE Control File System.
[[0;32m  OK  [0m] Mounted Kernel Configuration File System.
[[0;32m  OK  [0m] Started Monitoring of LVM2 mirrors,…sing dmeventd or progress polling.
[[0;32m  OK  [0m] Reached target Local File Systems (Pre).
[[0;32m  OK  [0m] Reached target Local File Systems.
         Starting AppArmor initialization...
         Starting ebtables ruleset management...
         Starting Tell Plymouth To Write Out Runtime Data...
         Starting Set console font and keymap...
         Starting Commit a transient machine-id on disk...
[[0;32m  OK  [0m] Started udev Kernel Device Manager.
[[0;32m  OK  [0m] Started Flush Journal to Persistent Storage.
         Starting Create Volatile Files and Directories...
[[0;32m  OK  [0m] Started Dispatch Password Requests to Console Directory Watch.
[[0;32m  OK  [0m] Reached target Local Encrypted Volumes.
[[0;32m  OK  [0m] Started Tell Plymouth To Write Out Runtime Data.
[[0;32m  OK  [0m] Started Set console font and keymap.
[[0;32m  OK  [0m] Started Apply Kernel Variables.
[[0;32m  OK  [0m] Started Commit a transient machine-id on disk.
[[0;32m  OK  [0m] Started Create Volatile Files and Directories.
         Starting Update UTMP about System Boot/Shutdown...
[[0;32m  OK  [0m] Started Update UTMP about System Boot/Shutdown.
[[0;32m  OK  [0m] Started ebtables ruleset management.
[[0;32m  OK  [0m] Found device /dev/ttyS0.
[[0;32m  OK  [0m] Listening on Load/Save RF Kill Switch Status /dev/rfkill Watch.
[[0;32m  OK  [0m] Started AppArmor initialization.
         Starting Initial cloud-init job (pre-networking)...
[   18.935615] cloud-init[538]: Cloud-init v. 19.2-24-ge7881d5c-0ubuntu1~18.04.1 running 'init-local' at Thu, 03 Oct 2019 15:20:27 +0000. Up 18.05 seconds.
[[0;32m  OK  [0m] Started Initial cloud-init job (pre-networking).
[[0;32m  OK  [0m] Reached target Network (Pre).
         Starting Network Service...
[[0;32m  OK  [0m] Started Network Service.
         Starting Wait for Network to be Configured...
         Starting Network Name Resolution...
[[0;32m  OK  [0m] Started Network Name Resolution.
[[0;32m  OK  [0m] Reached target Network.
[[0;32m  OK  [0m] Reached target Host and Network Name Lookups.
[[0;32m  OK  [0m] Started Wait for Network to be Configured.
         Starting Initial cloud-init job (metadata service crawler)...
[   20.894720] cloud-init[655]: Cloud-init v. 19.2-24-ge7881d5c-0ubuntu1~18.04.1 running 'init' at Thu, 03 Oct 2019 15:20:30 +0000. Up 20.68 seconds.
[   20.895954] cloud-init[655]: ci-info: ++++++++++++++++++++++++++++++++++++++Net device info+++++++++++++++++++++++++++++++++++++++
[   20.896603] cloud-init[655]: ci-info: +--------+-------+----------------------------+---------------+--------+-------------------+
[   20.897618] cloud-init[655]: ci-info: | Device |   Up  |          Address           |      Mask     | Scope  |     Hw-Address    |
[   20.898844] cloud-init[655]: ci-info: +--------+-------+----------------------------+---------------+--------+-------------------+
[   20.900080] cloud-init[655]: ci-info: | enp0s3 |  True |         10.0.2.15          | 255.255.255.0 | global | 02:50:d4:3b:43:74 |
[   20.901266] cloud-init[655]: ci-info: | enp0s3 |  True | fe80::50:d4ff:fe3b:4374/64 |       .       |  link  | 02:50:d4:3b:43:74 |
[   20.902483] cloud-init[655]: ci-info: | enp0s8 | False |             .              |       .       |   .    | 08:00:27:86:a0:b6 |
[   20.903860] cloud-init[655]: ci-info: |   lo   |  True |         127.0.0.1          |   255.0.0.0   |  host  |         .         |
[   20.905030] cloud-init[655]: ci-info: |   lo   |  True |          ::1/128           |       .       |  host  |         .         |
[   20.906173] cloud-init[655]: ci-info: +--------+-------+----------------------------+---------------+--------+-------------------+
[   20.907344] cloud-init[655]: ci-info: ++++++++++++++++++++++++++++Route IPv4 info+++++++++++++++++++++++++++++
[   20.908386] cloud-init[655]: ci-info: +-------+-------------+----------+-----------------+-----------+-------+
[   20.909380] cloud-init[655]: ci-info: | Route | Destination | Gateway  |     Genmask     | Interface | Flags |
[   20.910363] cloud-init[655]: ci-info: +-------+-------------+----------+-----------------+-----------+-------+
[   20.911345] cloud-init[655]: ci-info: |   0   |   0.0.0.0   | 10.0.2.2 |     0.0.0.0     |   enp0s3  |   UG  |
[   20.912331] cloud-init[655]: ci-info: |   1   |   10.0.2.0  | 0.0.0.0  |  255.255.255.0  |   enp0s3  |   U   |
[   20.913465] cloud-init[655]: ci-info: |   2   |   10.0.2.2  | 0.0.0.0  | 255.255.255.255 |   enp0s3  |   UH  |
[   20.914446] cloud-init[655]: ci-info: +-------+-------------+----------+-----------------+-----------+-------+
[   20.915457] cloud-init[655]: ci-info: +++++++++++++++++++Route IPv6 info+++++++++++++++++++
[   20.924528] cloud-init[655]: ci-info: +-------+-------------+---------+-----------+-------+
[   20.936245] cloud-init[655]: ci-info: | Route | Destination | Gateway | Interface | Flags |
[   20.948764] cloud-init[655]: ci-info: +-------+-------------+---------+-----------+-------+
[   20.960492] cloud-init[655]: ci-info: |   1   |  fe80::/64  |    ::   |   enp0s3  |   U   |
[   20.972200] cloud-init[655]: ci-info: |   3   |    local    |    ::   |   enp0s3  |   U   |
[   20.973014] cloud-init[655]: ci-info: |   4   |   ff00::/8  |    ::   |   enp0s3  |   U   |
[   20.984318] cloud-init[655]: ci-info: +-------+-------------+---------+-----------+-------+
[   23.380584] cloud-init[655]: Generating public/private rsa key pair.
[   23.381253] cloud-init[655]: Your identification has been saved in /etc/ssh/ssh_host_rsa_key.
[   23.381922] cloud-init[655]: Your public key has been saved in /etc/ssh/ssh_host_rsa_key.pub.
[   23.382415] cloud-init[655]: The key fingerprint is:
[   23.382988] cloud-init[655]: SHA256:hbH4IKbwYtoGEmbdCMh/YEVOoUz5wcb/96Y/cRGDl9Y root@ubuntu-bionic
[   23.383927] cloud-init[655]: The key's randomart image is:
[   23.392322] cloud-init[655]: +---[RSA 2048]----+
[   23.404375] cloud-init[655]: |o. .*=. .     . o|
[   23.416587] cloud-init[655]: |..=+*= . +   . *E|
[   23.417582] cloud-init[655]: |ooo=*o= o .   o o|
[   23.418620] cloud-init[655]: |o+ + + + .     . |
[   23.428334] cloud-init[655]: |+.o .   S       .|
[   23.429458] cloud-init[655]: |++       . . . . |
[   23.440386] cloud-init[655]: |. o       . . o  |
[   23.441554] cloud-init[655]: | .           +   |
[   23.452589] cloud-init[655]: |           .+..  |
[   23.464285] cloud-init[655]: +----[SHA256]-----+
[   23.464841] cloud-init[655]: Generating public/private dsa key pair.
[   23.465658] cloud-init[655]: Your identification has been saved in /etc/ssh/ssh_host_dsa_key.
[   23.466554] cloud-init[655]: Your public key has been saved in /etc/ssh/ssh_host_dsa_key.pub.
[   23.467807] cloud-init[655]: The key fingerprint is:
[   23.468469] cloud-init[655]: SHA256:c6RfbmE2ftH/OUbfYtuswnlnfdB+4XN6ELbwhpcajIc root@ubuntu-bionic
[   23.469752] cloud-init[655]: The key's randomart image is:
[   23.470310] cloud-init[655]: +---[DSA 1024]----+
[   23.471486] cloud-init[655]: |                 |
[[0;32m  OK  [0m] Started Initial cloud-init job (metadata service crawler).
[[0;32m  OK  [0m] Reached target Cloud-config availability.
[   23.486615] cloud-init[655]: |                 |
[   23.501137] cloud-init[655]: |          .      |
[   23.501718] cloud-init[655]: |         o  . o. |
[   23.502221] cloud-init[655]: |        S .+*=.=.|
[   23.516006] cloud-init[655]: |         +E*=oO+o|
[   23.517998] cloud-init[655]: |          .o+*++*|
[   23.537874] cloud-init[655]: |           .=.+B#|
[[0;32m  OK  [0m] Reached target System Initialization.
[[0;32m  OK  [0m] Started Daily apt download activities.
[[   23.767704] cloud-init[655]: |             +=XX|
[   23.773435] cloud-init[655]: +----[SHA256]-----+
[   23.775489] [0;32m  OK  [0m] Listening on Open-iSCSI iscsid Socket.
[[0;32m  OK  [0m] Started Daily Cleanup of Temporary Directories.
[[0;32m  OK  [0m] Started Message of the Day.
cloud-init[655]: Generating public/private ecdsa key pair.
         Starting Socket activation for snappy daemon.
[   23.802431] cloud-init[655]: Your identification has been saved in /etc/ssh/ssh_host_ecdsa_key.
[[0;32m  OK  [0m] Started Daily apt upgrade and clean activities.
[   23.809314] cloud-init[655]: Your public key has been saved in /etc/ssh/ssh_host_ecdsa_key.pub.
[   23.813322] cloud-init[655]: The key fingerprint is:
         Starting LXD - unix socket.
[[0;32m  OK  [0m] Listening on UUID daemon activation socket.
[[0;32m  OK  [0m] Listening on ACPID Listen Socket.
[[0;32m  OK  [0m] Started Discard unused blocks once a week.
[[0;32m  OK  [0m] Reached target Timers.
[   23.831820] cloud-init[655]: SHA256:4P6YX/RIccTK9lvuEUxePNdJuzlruZfZ5R+35HpZq7k root@ubuntu-bionic
[   23.858729] cloud-init[655]: The key's randomart image is:
[   23.869980] cloud-init[655]: +---[ECDSA 256]---+
[   23.871024] cloud-init[655]: |           ..  . |
[[0;32m  OK  [0m] Started ACPI Events Check.
[[0;32m  OK  [0m] Reached target Paths.
[[0;32m  OK  [0m] Listening on D-Bus System Message Bus Socket.
[[0;32m  OK  [0m] Reached target Network is Online.
[   23.874298] cloud-init[655]: |           .. ..+|
[   23.891211] cloud-init[655]: |      .  .... .+=|
[   23.891800] cloud-init[655]: |     . .  +o + .=|
[   23.892279] cloud-init[655]: |      . S.o.  ++ |
[   23.892840] cloud-init[655]: |     .   o o. ..*|
[[0;32m  OK  [0m] Reached target Remote File Systems (Pre).
[[0;32m  OK  [0m] Reached target Remote File Systems.
[   23.895533] cloud-init[655]: |      .   o .+.BX|
         Starting Availability of block devices...
[[0;32m  OK  [0m] Listening on Socket activation for snappy daemon.
[[0;32m  OK  [0m] Listening on LXD - unix socket.
[[0;32m  OK  [0m] Reached target Sockets.
[[0;32m  OK  [0m] Reached target Basic System.
[   23.914971] cloud-init[655]: |       + .  . *BO|
[   23.930612] cloud-init[655]: |      o.o    E*++|
[   23.931209] cloud-init[655]: +----[SHA256]-----+
         Starting Login Service...
         Starting LSB: Record successful boot for GRUB...
[[0;32m  OK  [0m] Started FUSE filesystem for LXC.
[   23.946439] cloud-init[655]: Generating public/private ed25519 key pair.
[[0;32m  OK  [0m[   23.964317] ] cloud-initStarted D-Bus System Message Bus.[655]: 
Your identification has been saved in /etc/ssh/ssh_host_ed25519_key.
[   23.976350] cloud-init[655]: Your public key has been saved in /etc/ssh/ssh_host_ed25519_key.pub.
[   23.977234] cloud-init[655]: The key fingerprint is:
[   23.989240] cloud-init[655]: SHA256:hdl+zOB3X2sQ4X48sOz+lHRZ8s23GqTVar0lpNifHqU root@ubuntu-bionic
[   23.993306] cloud-init[655]: The key's randomart image is:
[   23.995138] cloud-init[655]: +--[ED25519 256]--+
[   24.008522] cloud-init[655]: |             .   |
[   24.020341] cloud-init[655]: |         +  . .  |
[   24.022237] cloud-init[655]: |        o +  +. .|
[   24.033985] cloud-init[655]: |         + +o *++|
[   24.036013] cloud-init[655]: |        S o =BoBO|
[   24.037959] cloud-init[655]: |           ==+*+O|
[   24.041663] cloud-init[655]: |          ..o=EBo|
[   24.044294] cloud-init[655]: |            o.=+o|
[   24.048136] cloud-init[655]: |             +=o |
[   24.050169] cloud-init[655]: +----[SHA256]-----+
[[0;32m  OK  [0m] Started irqbalance daemon.
         Starting Permit User Sessions...
         Starting Dispatcher daemon for systemd-networkd...
[[0;32m  OK  [0m] Started Regular background program processing daemon.
         Starting Pollinate to seed the pseudo random number generator...
         Starting LSB: automatic crash report generation...
         Starting System Logging Service...
         Starting Virtualbox guest utils...
         Starting Accounts Service...
[[0;32m  OK  [0m] Started Deferred execution scheduler.
         Starting LXD - container startup/shutdown...
         Starting Snappy daemon...
[[0;32m  OK  [0m] Started Availability of block devices.
[[0;32m  OK  [0m] Started Permit User Sessions.
[[0;32m  OK  [0m] Started Login Service.
[[0;32m  OK  [0m] Started Unattended Upgrades Shutdown.
         Starting Terminate Plymouth Boot Screen...
         Starting Hold until boot process finishes up...
[[0;32m  OK  [0m] Started Hold until boot process finishes up.
[[0;32m  OK  [0m] Started Terminate Plymouth Boot Screen.
         Starting Set console scheme...
[[0;32m  OK  [0m] Started Serial Getty on ttyS0.
[[0;32m  OK  [0m] Started Set console scheme.
[[0;32m  OK  [0m] Created slice system-getty.slice.
[[0;32m  OK  [0m] Started Getty on tty1.
[[0;32m  OK  [0m] Reached target Login Prompts.
[[0;32m  OK  [0m] Started LSB: automatic crash report generation.
         Starting Authorization Manager...
[[0;32m  OK  [0m] Started LSB: Record successful boot for GRUB.
[[0;32m  OK  [0m] Started System Logging Service.
[[0;32m  OK  [0m] Started Authorization Manager.
[[0;32m  OK  [0m] Started Accounts Service.
[[0;32m  OK  [0m] Started Dispatcher daemon for systemd-networkd.
[[0;32m  OK  [0m] Started Virtualbox guest utils.
[[0;32m  OK  [0m] Started Snappy daemon.
         Starting Wait until snapd is fully seeded...

Ubuntu 18.04.3 LTS ubuntu-bionic ttyS0

ubuntu-bionic login: [   42.738425] cloud-init[1672]: Cloud-init v. 19.2-24-ge7881d5c-0ubuntu1~18.04.1 running 'modules:config' at Thu, 03 Oct 2019 15:20:50 +0000. Up 40.67 seconds.
ci-info: no authorized ssh keys fingerprints found for user ubuntu.
<14>Oct  3 15:20:53 ec2: 
<14>Oct  3 15:20:53 ec2: #############################################################
<14>Oct  3 15:20:53 ec2: -----BEGIN SSH HOST KEY FINGERPRINTS-----
<14>Oct  3 15:20:53 ec2: 1024 SHA256:c6RfbmE2ftH/OUbfYtuswnlnfdB+4XN6ELbwhpcajIc root@ubuntu-bionic (DSA)
<14>Oct  3 15:20:53 ec2: 256 SHA256:4P6YX/RIccTK9lvuEUxePNdJuzlruZfZ5R+35HpZq7k root@ubuntu-bionic (ECDSA)
<14>Oct  3 15:20:53 ec2: 256 SHA256:hdl+zOB3X2sQ4X48sOz+lHRZ8s23GqTVar0lpNifHqU root@ubuntu-bionic (ED25519)
<14>Oct  3 15:20:53 ec2: 2048 SHA256:hbH4IKbwYtoGEmbdCMh/YEVOoUz5wcb/96Y/cRGDl9Y root@ubuntu-bionic (RSA)
<14>Oct  3 15:20:53 ec2: -----END SSH HOST KEY FINGERPRINTS-----
<14>Oct  3 15:20:53 ec2: #############################################################
-----BEGIN SSH HOST KEY KEYS-----
ecdsa-sha2-nistp256 AAAAE2VjZHNhLXNoYTItbmlzdHAyNTYAAAAIbmlzdHAyNTYAAABBBB1DOQupJ5Q6/q4vRcc25MbrbEDVwwfSx9prY4nzl5q/dMqxylo0aJYeFWqigrWQC49j+SJmRdp2eIz9W549P/w= root@ubuntu-bionic
ssh-ed25519 AAAAC3NzaC1lZDI1NTE5AAAAIPtu+Kl73UzNNNY28PrxbQ2OAP7zr6sOM4J6gfb/c9v5 root@ubuntu-bionic
ssh-rsa AAAAB3NzaC1yc2EAAAADAQABAAABAQDcDuVj+EIGMNJ60fDIypiVpIGlMRqURTkoR84dK+/OkViqvXj+BJn0cGo+htBMjf0TCxkUrVUL0KRhmZr8cA0jIa6QgsNRPcedEuPotEpDT5x7WEWCX4tD7wZcSST+unf5G1VstO7RXgB5jxSTarE1XfJFaXQ955qXQWAIIV6fQJlPSAH30EEtchZuSVHGjWJmre+3S1pst9SQ0jJtI3DnDNp4RT7rXhtlG8hRHwUn6brB4H5+Qw8aurHl0DRlB63gbpGVFBcXQCHBtjVex8GemzEWd4iyuWUkVcZjg2rUYFrS1zGwtlVvDvG7y1Rk+A3kway4sHcL3c+0HZcPtLzV root@ubuntu-bionic
-----END SSH HOST KEY KEYS-----
[   43.500051] cloud-init[1885]: Cloud-init v. 19.2-24-ge7881d5c-0ubuntu1~18.04.1 running 'modules:final' at Thu, 03 Oct 2019 15:20:53 +0000. Up 43.27 seconds.
[   43.500224] cloud-init[1885]: ci-info: no authorized ssh keys fingerprints found for user ubuntu.
[   43.500431] cloud-init[1885]: Cloud-init v. 19.2-24-ge7881d5c-0ubuntu1~18.04.1 finished at Thu, 03 Oct 2019 15:20:53 +0000. Datasource DataSourceNoCloud [seed=/dev/sdb][dsmode=net].  Up 43.48 seconds
